<?xml version="1.0" encoding="UTF-8"?>
<!-- Generated by org.testng.reporters.JUnitReportReporter -->
<testsuite hostname="Coding_Ava_966" failures="0" tests="4" name="testNG.GroupingExample" time="0.023" errors="0" timestamp="2024-09-29T23:22:02 IST" skipped="0">
  <testcase classname="testNG.GroupingExample" name="vivo1" time="0.003"/>
  <testcase classname="testNG.GroupingExample" name="vivo2" time="0.004"/>
  <testcase classname="testNG.GroupingExample" name="apple2" time="0.002"/>
  <testcase classname="testNG.GroupingExample" name="apple1" time="0.014"/>
</testsuite> <!-- testNG.GroupingExample -->
