<?xml version="1.0" encoding="UTF-8"?>
<!-- Generated by org.testng.reporters.JUnitReportReporter -->
<testsuite hostname="Coding_Ava_966" failures="0" tests="1" name="pageObjectModel.UpdateProfile" time="19.825" errors="0" timestamp="2024-09-30T23:00:44 IST" skipped="0">
  <testcase classname="pageObjectModel.UpdateProfile" name="updateProfile" time="19.825"/>
</testsuite> <!-- pageObjectModel.UpdateProfile -->
