<?xml version="1.0" encoding="UTF-8"?>
<!-- Generated by org.testng.reporters.JUnitReportReporter -->
<testsuite hostname="Coding_Ava_966" failures="0" tests="5" name="testNG.SkipaTestCase" time="0.011" errors="0" timestamp="2024-09-29T23:11:28 IST" skipped="1">
  <testcase classname="testNG.SkipaTestCase" name="firstTestCase" time="0.003"/>
  <testcase classname="testNG.SkipaTestCase" name="secondTestCase" time="0.002"/>
  <testcase classname="testNG.SkipaTestCase" name="thirdTestCase" time="0.004"/>
  <testcase classname="testNG.SkipaTestCase" name="fourthTestCase" time="0.002"/>
  <testcase classname="testNG.SkipaTestCase" name="takeRest">
    <skipped/>
  </testcase> <!-- takeRest -->
</testsuite> <!-- testNG.SkipaTestCase -->
