<?xml version="1.0" encoding="UTF-8"?>
<!-- Generated by org.testng.reporters.JUnitReportReporter -->
<testsuite hostname="Coding_Ava_966" failures="0" tests="5" name="testNG.SampleTestCase" time="0.016" errors="0" timestamp="2024-09-29T23:11:28 IST" skipped="0">
  <testcase classname="testNG.SampleTestCase" name="firstTestCase" time="0.006"/>
  <testcase classname="testNG.SampleTestCase" name="secondTestCase" time="0.002"/>
  <testcase classname="testNG.SampleTestCase" name="thirdTestCase" time="0.003"/>
  <testcase classname="testNG.SampleTestCase" name="fourthTestCase" time="0.002"/>
  <testcase classname="testNG.SampleTestCase" name="takeRest" time="0.003"/>
</testsuite> <!-- testNG.SampleTestCase -->
