<?xml version="1.0" encoding="UTF-8"?>
<!-- Generated by org.testng.reporters.JUnitReportReporter -->
<testsuite hostname="Coding_Ava_966" failures="0" tests="1" name="testNG.AssertionsExample" time="0.011" errors="0" timestamp="2024-09-30T11:17:56 IST" skipped="0">
  <testcase classname="testNG.AssertionsExample" name="checkEqual" time="0.011"/>
</testsuite> <!-- testNG.AssertionsExample -->
