<?xml version="1.0" encoding="UTF-8"?>
<!-- Generated by org.testng.reporters.JUnitReportReporter -->
<testsuite hostname="Coding_Ava_966" failures="0" tests="4" name="dataDriven.LoginDatafromExcell" time="32.054" errors="0" timestamp="2024-09-30T19:16:36 IST" skipped="0">
  <testcase classname="dataDriven.LoginDatafromExcell" name="loginWithBothCorrect" time="7.300"/>
  <testcase classname="dataDriven.LoginDatafromExcell" name="loginWithBothCorrect" time="9.984"/>
  <testcase classname="dataDriven.LoginDatafromExcell" name="loginWithBothCorrect" time="7.481"/>
  <testcase classname="dataDriven.LoginDatafromExcell" name="loginWithBothCorrect" time="7.289"/>
</testsuite> <!-- dataDriven.LoginDatafromExcell -->
