<?xml version="1.0" encoding="UTF-8"?>
<!-- Generated by org.testng.reporters.JUnitReportReporter -->
<testsuite hostname="Coding_Ava_966" failures="0" tests="2" name="testNG.ParallelTesting" time="7.304" errors="0" timestamp="2024-09-30T11:12:52 IST" skipped="0">
  <testcase classname="testNG.ParallelTesting" name="openBing" time="3.103"/>
  <testcase classname="testNG.ParallelTesting" name="openGoogle" time="4.201"/>
</testsuite> <!-- testNG.ParallelTesting -->
