<?xml version="1.0" encoding="UTF-8"?>
<!-- Generated by org.testng.reporters.JUnitReportReporter -->
<testsuite hostname="Coding_Ava_966" failures="0" tests="1" name="pageObjectModel.LoginTestCase" time="15.480" errors="0" timestamp="2024-09-30T22:50:55 IST" skipped="0">
  <testcase classname="pageObjectModel.LoginTestCase" name="login" time="15.480"/>
</testsuite> <!-- pageObjectModel.LoginTestCase -->
