<?xml version="1.0" encoding="UTF-8"?>
<!-- Generated by org.testng.reporters.JUnitReportReporter -->
<testsuite hostname="Coding_Ava_966" failures="0" tests="3" name="testNG.SuiteExample" time="4.152" errors="0" timestamp="2024-09-29T23:11:28 IST" skipped="0">
  <testcase classname="testNG.SuiteExample" name="openBing" time="1.000"/>
  <testcase classname="testNG.SuiteExample" name="openGoogle" time="2.221"/>
  <testcase classname="testNG.SuiteExample" name="openYahoo" time="0.931"/>
</testsuite> <!-- testNG.SuiteExample -->
