<?xml version="1.0" encoding="UTF-8"?>
<!-- Generated by org.testng.reporters.JUnitReportReporter -->
<testsuite hostname="Coding_Ava_966" failures="0" tests="3" name="testNG.DependenciesManagement" time="0.016" errors="0" timestamp="2024-09-29T23:11:28 IST" skipped="0">
  <testcase classname="testNG.DependenciesManagement" name="higherSecondary" time="0.002"/>
  <testcase classname="testNG.DependenciesManagement" name="highSchool" time="0.013"/>
  <testcase classname="testNG.DependenciesManagement" name="engineering" time="0.001"/>
</testsuite> <!-- testNG.DependenciesManagement -->
