<?xml version="1.0" encoding="UTF-8"?>
<!-- Generated by org.testng.reporters.JUnitReportReporter -->
<testsuite hostname="Coding_Ava_966" failures="0" tests="4" name="dataDriven.Login" time="85.509" errors="0" timestamp="2024-09-30T18:37:32 IST" skipped="0">
  <testcase classname="dataDriven.Login" name="loginWithBothCorrect" time="19.497"/>
  <testcase classname="dataDriven.Login" name="loginWithBothCorrect" time="19.914"/>
  <testcase classname="dataDriven.Login" name="loginWithBothCorrect" time="27.493"/>
  <testcase classname="dataDriven.Login" name="loginWithBothCorrect" time="18.605"/>
</testsuite> <!-- dataDriven.Login -->
