<?xml version="1.0" encoding="UTF-8"?>
<!-- Generated by org.testng.reporters.JUnitReportReporter -->
<testsuite hostname="Coding_Ava_966" failures="0" tests="1" name="testCases.DashboardTestCases" time="9.587" errors="0" timestamp="2024-11-24T15:20:31 IST" skipped="0">
  <testcase classname="testCases.DashboardTestCases" name="verifyDashboardPage" time="9.587"/>
</testsuite> <!-- testCases.DashboardTestCases -->
